2023-09-26 13:36:02.667 | DEBUG    | __main__:getConfig:22 - proDir : /Users/Kristd/Documents/github/pdf2excel
2023-09-26 13:36:02.668 | DEBUG    | __main__:getConfig:22 - proDir : /Users/Kristd/Documents/github/pdf2excel
2023-09-26 13:36:02.668 | DEBUG    | __main__:<module>:316 - Current Order Number: 586268
2023-09-26 13:36:02.668 | DEBUG    | __main__:<module>:320 - ----------------------- New Order Scenario -----------------------
2023-09-26 13:36:02.744 | DEBUG    | __main__:<module>:346 - None
2023-09-26 13:36:02.745 | DEBUG    | __main__:<module>:346 - None
2023-09-26 13:36:02.745 | DEBUG    | __main__:<module>:346 - None
2023-09-26 13:36:02.745 | DEBUG    | __main__:<module>:346 - None
2023-09-26 13:36:02.745 | DEBUG    | __main__:<module>:346 - None
2023-09-26 13:36:02.745 | DEBUG    | __main__:<module>:346 - None
2023-09-26 13:36:02.745 | DEBUG    | __main__:<module>:346 - None
2023-09-26 13:36:02.746 | DEBUG    | __main__:<module>:346 - None
2023-09-26 13:36:02.746 | DEBUG    | __main__:<module>:346 - None
2023-09-26 13:36:02.746 | DEBUG    | __main__:<module>:346 - None
2023-09-26 13:36:02.746 | DEBUG    | __main__:<module>:346 - None
2023-09-26 13:36:02.746 | DEBUG    | __main__:<module>:346 - None
2023-09-26 13:36:02.746 | DEBUG    | __main__:<module>:346 - None
2023-09-26 13:36:02.746 | DEBUG    | __main__:<module>:346 - None
2023-09-26 13:36:02.746 | DEBUG    | __main__:<module>:346 - None
2023-09-26 13:36:02.746 | DEBUG    | __main__:<module>:346 - None
2023-09-26 13:36:02.747 | DEBUG    | __main__:<module>:346 - None
2023-09-26 13:36:02.747 | DEBUG    | __main__:<module>:346 - None
2023-09-26 13:36:02.747 | DEBUG    | __main__:<module>:346 - None
2023-09-26 13:36:02.747 | DEBUG    | __main__:<module>:346 - None
2023-09-26 13:36:02.747 | DEBUG    | __main__:<module>:346 - None
2023-09-26 13:36:02.747 | DEBUG    | __main__:<module>:346 - None
2023-09-26 13:36:02.747 | DEBUG    | __main__:<module>:346 - None
2023-09-26 13:36:02.747 | DEBUG    | __main__:<module>:346 - None
2023-09-26 13:36:02.747 | DEBUG    | __main__:<module>:346 - None
2023-09-26 13:36:02.748 | DEBUG    | __main__:<module>:346 - None
2023-09-26 13:36:02.748 | DEBUG    | __main__:<module>:346 - None
2023-09-26 13:36:02.748 | DEBUG    | __main__:<module>:346 - None
2023-09-26 13:36:02.748 | DEBUG    | __main__:<module>:346 - None
2023-09-26 13:36:02.748 | DEBUG    | __main__:<module>:346 - None
2023-09-26 13:36:02.748 | DEBUG    | __main__:<module>:346 - <re.Match object; span=(0, 72), match='By accepting and performing under this Order, the>
2023-09-26 13:36:02.748 | DEBUG    | __main__:<module>:346 - None
2023-09-26 13:36:02.748 | DEBUG    | __main__:<module>:346 - None
2023-09-26 13:36:02.748 | DEBUG    | __main__:<module>:346 - None
2023-09-26 13:36:02.749 | DEBUG    | __main__:<module>:346 - None
2023-09-26 13:36:02.749 | DEBUG    | __main__:<module>:346 - None
2023-09-26 13:36:02.749 | DEBUG    | __main__:<module>:346 - None
2023-09-26 13:36:02.749 | DEBUG    | __main__:<module>:346 - None
2023-09-26 13:36:02.749 | DEBUG    | __main__:<module>:346 - None
2023-09-26 13:36:02.749 | DEBUG    | __main__:<module>:346 - None
2023-09-26 13:36:02.749 | DEBUG    | __main__:<module>:346 - None
2023-09-26 13:36:02.749 | DEBUG    | __main__:getConfig:22 - proDir : /Users/Kristd/Documents/github/pdf2excel
2023-09-26 13:36:02.768 | DEBUG    | __main__:<module>:381 - Print time Delivery Dict: 
2023-09-26 13:36:02.768 | DEBUG    | __main__:<module>:382 - {'CL, PE, UY': '2023-11-27', 'ZA': '2023-12-11', 'AU': '2023-12-25'}
2023-09-26 13:36:02.768 | DEBUG    | __main__:<module>:387 - Print price dict: 
2023-09-26 13:36:02.768 | DEBUG    | __main__:<module>:388 - {'CL, AU, ZA, PE, UYBy accepting and performing under this Order, the Supplier acknowledges:': '2.32-USD'}
2023-09-26 13:36:02.769 | DEBUG    | __main__:<module>:395 - Print Colourname dict: 
2023-09-26 13:36:02.769 | DEBUG    | __main__:<module>:396 - {'058': 'Grey Dusty Light Placement print'}
2023-09-26 13:36:02.828 | DEBUG    | __main__:<module>:529 - Writing data into excel sheet: 
2023-09-26 13:36:02.829 | DEBUG    | __main__:<module>:530 - ['H&M', 'Store', 'S8-2023', '586268', '4214', '0487052', '2023-9-11', 'TP REGULAR SOCK 7PACK', '1168787D', '7', 'CL-智利', 'sea', '07-197 Grey Dusty Light Placement print', '22/24', 'Solid', 73, '2.32', 'USD', 511, '2023-11-27', '058', '2023-09-26']
2023-09-26 13:36:02.842 | DEBUG    | __main__:<module>:529 - Writing data into excel sheet: 
2023-09-26 13:36:02.842 | DEBUG    | __main__:<module>:530 - ['H&M', 'Store', 'S8-2023', '586268', '4214', '0487052', '2023-9-11', 'TP REGULAR SOCK 7PACK', '1168787D', '7', 'CL-智利', 'sea', '07-197 Grey Dusty Light Placement print', '25/27', 'Solid', 171, '2.32', 'USD', 1197, '2023-11-27', '058', '2023-09-26']
2023-09-26 13:36:02.858 | DEBUG    | __main__:<module>:529 - Writing data into excel sheet: 
2023-09-26 13:36:02.858 | DEBUG    | __main__:<module>:530 - ['H&M', 'Store', 'S8-2023', '586268', '4214', '0487052', '2023-9-11', 'TP REGULAR SOCK 7PACK', '1168787D', '7', 'CL-智利', 'sea', '07-197 Grey Dusty Light Placement print', '28/30', 'Solid', 207, '2.32', 'USD', 1449, '2023-11-27', '058', '2023-09-26']
2023-09-26 13:36:02.873 | DEBUG    | __main__:<module>:529 - Writing data into excel sheet: 
2023-09-26 13:36:02.873 | DEBUG    | __main__:<module>:530 - ['H&M', 'Store', 'S8-2023', '586268', '4214', '0487052', '2023-9-11', 'TP REGULAR SOCK 7PACK', '1168787D', '7', 'CL-智利', 'sea', '07-197 Grey Dusty Light Placement print', '31/33', 'Solid', 232, '2.32', 'USD', 1624, '2023-11-27', '058', '2023-09-26']
2023-09-26 13:36:02.889 | DEBUG    | __main__:<module>:529 - Writing data into excel sheet: 
2023-09-26 13:36:02.889 | DEBUG    | __main__:<module>:530 - ['H&M', 'Store', 'S8-2023', '586268', '4214', '0487052', '2023-9-11', 'TP REGULAR SOCK 7PACK', '1168787D', '7', 'CL-智利', 'sea', '07-197 Grey Dusty Light Placement print', '34/36', 'Solid', 268, '2.32', 'USD', 1876, '2023-11-27', '058', '2023-09-26']
2023-09-26 13:36:02.907 | DEBUG    | __main__:<module>:529 - Writing data into excel sheet: 
2023-09-26 13:36:02.907 | DEBUG    | __main__:<module>:530 - ['H&M', 'Store', 'S8-2023', '586268', '4214', '0487052', '2023-9-11', 'TP REGULAR SOCK 7PACK', '1168787D', '7', 'CL-智利', 'sea', '07-197 Grey Dusty Light Placement print', '37/39', 'Solid', 207, '2.32', 'USD', 1449, '2023-11-27', '058', '2023-09-26']
2023-09-26 13:36:02.924 | DEBUG    | __main__:<module>:529 - Writing data into excel sheet: 
2023-09-26 13:36:02.924 | DEBUG    | __main__:<module>:530 - ['H&M', 'Store', 'S8-2023', '586268', '4214', '0487052', '2023-9-11', 'TP REGULAR SOCK 7PACK', '1168787D', '7', 'CL-智利', 'sea', '07-197 Grey Dusty Light Placement print', '40/42', 'Solid', 61, '2.32', 'USD', 427, '2023-11-27', '058', '2023-09-26']
2023-09-26 13:36:03.016 | DEBUG    | __main__:<module>:529 - Writing data into excel sheet: 
2023-09-26 13:36:03.017 | DEBUG    | __main__:<module>:530 - ['H&M', 'Store', 'S8-2023', '586268', '4214', '0487052', '2023-9-11', 'TP REGULAR SOCK 7PACK', '1168787D', '7', 'AU-澳大利亚', 'sea', '07-197 Grey Dusty Light Placement print', '22/24', 'Solid', 8, '2.32', 'USD', 56, '2023-12-25', '058', '2023-09-26']
2023-09-26 13:36:03.037 | DEBUG    | __main__:<module>:529 - Writing data into excel sheet: 
2023-09-26 13:36:03.038 | DEBUG    | __main__:<module>:530 - ['H&M', 'Store', 'S8-2023', '586268', '4214', '0487052', '2023-9-11', 'TP REGULAR SOCK 7PACK', '1168787D', '7', 'AU-澳大利亚', 'sea', '07-197 Grey Dusty Light Placement print', '25/27', 'Solid', 20, '2.32', 'USD', 140, '2023-12-25', '058', '2023-09-26']
2023-09-26 13:36:03.057 | DEBUG    | __main__:<module>:529 - Writing data into excel sheet: 
2023-09-26 13:36:03.057 | DEBUG    | __main__:<module>:530 - ['H&M', 'Store', 'S8-2023', '586268', '4214', '0487052', '2023-9-11', 'TP REGULAR SOCK 7PACK', '1168787D', '7', 'AU-澳大利亚', 'sea', '07-197 Grey Dusty Light Placement print', '28/30', 'Solid', 24, '2.32', 'USD', 168, '2023-12-25', '058', '2023-09-26']
2023-09-26 13:36:03.079 | DEBUG    | __main__:<module>:529 - Writing data into excel sheet: 
2023-09-26 13:36:03.079 | DEBUG    | __main__:<module>:530 - ['H&M', 'Store', 'S8-2023', '586268', '4214', '0487052', '2023-9-11', 'TP REGULAR SOCK 7PACK', '1168787D', '7', 'AU-澳大利亚', 'sea', '07-197 Grey Dusty Light Placement print', '31/33', 'Solid', 26, '2.32', 'USD', 182, '2023-12-25', '058', '2023-09-26']
2023-09-26 13:36:03.100 | DEBUG    | __main__:<module>:529 - Writing data into excel sheet: 
2023-09-26 13:36:03.100 | DEBUG    | __main__:<module>:530 - ['H&M', 'Store', 'S8-2023', '586268', '4214', '0487052', '2023-9-11', 'TP REGULAR SOCK 7PACK', '1168787D', '7', 'AU-澳大利亚', 'sea', '07-197 Grey Dusty Light Placement print', '34/36', 'Solid', 31, '2.32', 'USD', 217, '2023-12-25', '058', '2023-09-26']
2023-09-26 13:36:03.121 | DEBUG    | __main__:<module>:529 - Writing data into excel sheet: 
2023-09-26 13:36:03.121 | DEBUG    | __main__:<module>:530 - ['H&M', 'Store', 'S8-2023', '586268', '4214', '0487052', '2023-9-11', 'TP REGULAR SOCK 7PACK', '1168787D', '7', 'AU-澳大利亚', 'sea', '07-197 Grey Dusty Light Placement print', '37/39', 'Solid', 24, '2.32', 'USD', 168, '2023-12-25', '058', '2023-09-26']
2023-09-26 13:36:03.145 | DEBUG    | __main__:<module>:529 - Writing data into excel sheet: 
2023-09-26 13:36:03.145 | DEBUG    | __main__:<module>:530 - ['H&M', 'Store', 'S8-2023', '586268', '4214', '0487052', '2023-9-11', 'TP REGULAR SOCK 7PACK', '1168787D', '7', 'AU-澳大利亚', 'sea', '07-197 Grey Dusty Light Placement print', '40/42', 'Solid', 7, '2.32', 'USD', 49, '2023-12-25', '058', '2023-09-26']
2023-09-26 13:36:03.225 | DEBUG    | __main__:<module>:529 - Writing data into excel sheet: 
2023-09-26 13:36:03.225 | DEBUG    | __main__:<module>:530 - ['H&M', 'Store', 'S8-2023', '586268', '4214', '0487052', '2023-9-11', 'TP REGULAR SOCK 7PACK', '1168787D', '7', 'ZA-南非', 'sea', '07-197 Grey Dusty Light Placement print', '22/24', 'Solid', 9, '2.32', 'USD', 63, '2023-12-11', '058', '2023-09-26']
2023-09-26 13:36:03.252 | DEBUG    | __main__:<module>:529 - Writing data into excel sheet: 
2023-09-26 13:36:03.253 | DEBUG    | __main__:<module>:530 - ['H&M', 'Store', 'S8-2023', '586268', '4214', '0487052', '2023-9-11', 'TP REGULAR SOCK 7PACK', '1168787D', '7', 'ZA-南非', 'sea', '07-197 Grey Dusty Light Placement print', '25/27', 'Solid', 22, '2.32', 'USD', 154, '2023-12-11', '058', '2023-09-26']
2023-09-26 13:36:03.278 | DEBUG    | __main__:<module>:529 - Writing data into excel sheet: 
2023-09-26 13:36:03.278 | DEBUG    | __main__:<module>:530 - ['H&M', 'Store', 'S8-2023', '586268', '4214', '0487052', '2023-9-11', 'TP REGULAR SOCK 7PACK', '1168787D', '7', 'ZA-南非', 'sea', '07-197 Grey Dusty Light Placement print', '28/30', 'Solid', 27, '2.32', 'USD', 189, '2023-12-11', '058', '2023-09-26']
2023-09-26 13:36:03.305 | DEBUG    | __main__:<module>:529 - Writing data into excel sheet: 
2023-09-26 13:36:03.305 | DEBUG    | __main__:<module>:530 - ['H&M', 'Store', 'S8-2023', '586268', '4214', '0487052', '2023-9-11', 'TP REGULAR SOCK 7PACK', '1168787D', '7', 'ZA-南非', 'sea', '07-197 Grey Dusty Light Placement print', '31/33', 'Solid', 30, '2.32', 'USD', 210, '2023-12-11', '058', '2023-09-26']
2023-09-26 13:36:03.332 | DEBUG    | __main__:<module>:529 - Writing data into excel sheet: 
2023-09-26 13:36:03.332 | DEBUG    | __main__:<module>:530 - ['H&M', 'Store', 'S8-2023', '586268', '4214', '0487052', '2023-9-11', 'TP REGULAR SOCK 7PACK', '1168787D', '7', 'ZA-南非', 'sea', '07-197 Grey Dusty Light Placement print', '34/36', 'Solid', 35, '2.32', 'USD', 245, '2023-12-11', '058', '2023-09-26']
2023-09-26 13:36:03.360 | DEBUG    | __main__:<module>:529 - Writing data into excel sheet: 
2023-09-26 13:36:03.360 | DEBUG    | __main__:<module>:530 - ['H&M', 'Store', 'S8-2023', '586268', '4214', '0487052', '2023-9-11', 'TP REGULAR SOCK 7PACK', '1168787D', '7', 'ZA-南非', 'sea', '07-197 Grey Dusty Light Placement print', '37/39', 'Solid', 27, '2.32', 'USD', 189, '2023-12-11', '058', '2023-09-26']
2023-09-26 13:36:03.389 | DEBUG    | __main__:<module>:529 - Writing data into excel sheet: 
2023-09-26 13:36:03.389 | DEBUG    | __main__:<module>:530 - ['H&M', 'Store', 'S8-2023', '586268', '4214', '0487052', '2023-9-11', 'TP REGULAR SOCK 7PACK', '1168787D', '7', 'ZA-南非', 'sea', '07-197 Grey Dusty Light Placement print', '40/42', 'Solid', 8, '2.32', 'USD', 56, '2023-12-11', '058', '2023-09-26']
2023-09-26 13:36:03.496 | DEBUG    | __main__:<module>:529 - Writing data into excel sheet: 
2023-09-26 13:36:03.496 | DEBUG    | __main__:<module>:530 - ['H&M', 'Store', 'S8-2023', '586268', '4214', '0487052', '2023-9-11', 'TP REGULAR SOCK 7PACK', '1168787D', '7', 'PE-秘鲁', 'sea', '07-197 Grey Dusty Light Placement print', '22/24', 'Solid', 15, '2.32', 'USD', 105, '2023-11-27', '058', '2023-09-26']
2023-09-26 13:36:03.528 | DEBUG    | __main__:<module>:529 - Writing data into excel sheet: 
2023-09-26 13:36:03.528 | DEBUG    | __main__:<module>:530 - ['H&M', 'Store', 'S8-2023', '586268', '4214', '0487052', '2023-9-11', 'TP REGULAR SOCK 7PACK', '1168787D', '7', 'PE-秘鲁', 'sea', '07-197 Grey Dusty Light Placement print', '25/27', 'Solid', 34, '2.32', 'USD', 238, '2023-11-27', '058', '2023-09-26']
2023-09-26 13:36:03.558 | DEBUG    | __main__:<module>:529 - Writing data into excel sheet: 
2023-09-26 13:36:03.558 | DEBUG    | __main__:<module>:530 - ['H&M', 'Store', 'S8-2023', '586268', '4214', '0487052', '2023-9-11', 'TP REGULAR SOCK 7PACK', '1168787D', '7', 'PE-秘鲁', 'sea', '07-197 Grey Dusty Light Placement print', '28/30', 'Solid', 42, '2.32', 'USD', 294, '2023-11-27', '058', '2023-09-26']
2023-09-26 13:36:03.590 | DEBUG    | __main__:<module>:529 - Writing data into excel sheet: 
2023-09-26 13:36:03.590 | DEBUG    | __main__:<module>:530 - ['H&M', 'Store', 'S8-2023', '586268', '4214', '0487052', '2023-9-11', 'TP REGULAR SOCK 7PACK', '1168787D', '7', 'PE-秘鲁', 'sea', '07-197 Grey Dusty Light Placement print', '31/33', 'Solid', 47, '2.32', 'USD', 329, '2023-11-27', '058', '2023-09-26']
2023-09-26 13:36:03.624 | DEBUG    | __main__:<module>:529 - Writing data into excel sheet: 
2023-09-26 13:36:03.624 | DEBUG    | __main__:<module>:530 - ['H&M', 'Store', 'S8-2023', '586268', '4214', '0487052', '2023-9-11', 'TP REGULAR SOCK 7PACK', '1168787D', '7', 'PE-秘鲁', 'sea', '07-197 Grey Dusty Light Placement print', '34/36', 'Solid', 54, '2.32', 'USD', 378, '2023-11-27', '058', '2023-09-26']
2023-09-26 13:36:03.658 | DEBUG    | __main__:<module>:529 - Writing data into excel sheet: 
2023-09-26 13:36:03.658 | DEBUG    | __main__:<module>:530 - ['H&M', 'Store', 'S8-2023', '586268', '4214', '0487052', '2023-9-11', 'TP REGULAR SOCK 7PACK', '1168787D', '7', 'PE-秘鲁', 'sea', '07-197 Grey Dusty Light Placement print', '37/39', 'Solid', 42, '2.32', 'USD', 294, '2023-11-27', '058', '2023-09-26']
2023-09-26 13:36:03.692 | DEBUG    | __main__:<module>:529 - Writing data into excel sheet: 
2023-09-26 13:36:03.692 | DEBUG    | __main__:<module>:530 - ['H&M', 'Store', 'S8-2023', '586268', '4214', '0487052', '2023-9-11', 'TP REGULAR SOCK 7PACK', '1168787D', '7', 'PE-秘鲁', 'sea', '07-197 Grey Dusty Light Placement print', '40/42', 'Solid', 12, '2.32', 'USD', 84, '2023-11-27', '058', '2023-09-26']
2023-09-26 13:36:03.783 | DEBUG    | __main__:<module>:529 - Writing data into excel sheet: 
2023-09-26 13:36:03.784 | DEBUG    | __main__:<module>:530 - ['H&M', 'Store', 'S8-2023', '586268', '4214', '0487052', '2023-9-11', 'TP REGULAR SOCK 7PACK', '1168787D', '7', 'UY-乌拉圭', 'sea', '07-197 Grey Dusty Light Placement print', '22/24', 'Solid', 6, '2.32', 'USD', 42, '2023-11-27', '058', '2023-09-26']
2023-09-26 13:36:03.821 | DEBUG    | __main__:<module>:529 - Writing data into excel sheet: 
2023-09-26 13:36:03.821 | DEBUG    | __main__:<module>:530 - ['H&M', 'Store', 'S8-2023', '586268', '4214', '0487052', '2023-9-11', 'TP REGULAR SOCK 7PACK', '1168787D', '7', 'UY-乌拉圭', 'sea', '07-197 Grey Dusty Light Placement print', '25/27', 'Solid', 13, '2.32', 'USD', 91, '2023-11-27', '058', '2023-09-26']
2023-09-26 13:36:03.878 | DEBUG    | __main__:<module>:529 - Writing data into excel sheet: 
2023-09-26 13:36:03.878 | DEBUG    | __main__:<module>:530 - ['H&M', 'Store', 'S8-2023', '586268', '4214', '0487052', '2023-9-11', 'TP REGULAR SOCK 7PACK', '1168787D', '7', 'UY-乌拉圭', 'sea', '07-197 Grey Dusty Light Placement print', '28/30', 'Solid', 17, '2.32', 'USD', 119, '2023-11-27', '058', '2023-09-26']
2023-09-26 13:36:03.915 | DEBUG    | __main__:<module>:529 - Writing data into excel sheet: 
2023-09-26 13:36:03.916 | DEBUG    | __main__:<module>:530 - ['H&M', 'Store', 'S8-2023', '586268', '4214', '0487052', '2023-9-11', 'TP REGULAR SOCK 7PACK', '1168787D', '7', 'UY-乌拉圭', 'sea', '07-197 Grey Dusty Light Placement print', '31/33', 'Solid', 19, '2.32', 'USD', 133, '2023-11-27', '058', '2023-09-26']
2023-09-26 13:36:03.955 | DEBUG    | __main__:<module>:529 - Writing data into excel sheet: 
2023-09-26 13:36:03.955 | DEBUG    | __main__:<module>:530 - ['H&M', 'Store', 'S8-2023', '586268', '4214', '0487052', '2023-9-11', 'TP REGULAR SOCK 7PACK', '1168787D', '7', 'UY-乌拉圭', 'sea', '07-197 Grey Dusty Light Placement print', '34/36', 'Solid', 21, '2.32', 'USD', 147, '2023-11-27', '058', '2023-09-26']
2023-09-26 13:36:03.995 | DEBUG    | __main__:<module>:529 - Writing data into excel sheet: 
2023-09-26 13:36:03.995 | DEBUG    | __main__:<module>:530 - ['H&M', 'Store', 'S8-2023', '586268', '4214', '0487052', '2023-9-11', 'TP REGULAR SOCK 7PACK', '1168787D', '7', 'UY-乌拉圭', 'sea', '07-197 Grey Dusty Light Placement print', '37/39', 'Solid', 17, '2.32', 'USD', 119, '2023-11-27', '058', '2023-09-26']
2023-09-26 13:36:04.037 | DEBUG    | __main__:<module>:529 - Writing data into excel sheet: 
2023-09-26 13:36:04.037 | DEBUG    | __main__:<module>:530 - ['H&M', 'Store', 'S8-2023', '586268', '4214', '0487052', '2023-9-11', 'TP REGULAR SOCK 7PACK', '1168787D', '7', 'UY-乌拉圭', 'sea', '07-197 Grey Dusty Light Placement print', '40/42', 'Solid', 5, '2.32', 'USD', 35, '2023-11-27', '058', '2023-09-26']
2023-09-26 13:36:04.078 | DEBUG    | __main__:getConfig:22 - proDir : /Users/Kristd/Documents/github/pdf2excel
